<?xml version="1.0" encoding="UTF-8" standalone="no"?><testsuites failures="0" name="Supercash DistanceMatrix Tests Suite" tests="3" time="2.02"><testsuite errors="0" failures="0" hostname="marcellos-mbp-2.lan" name="Basic Smoke tests" skipped="0" tests="1" time="0.005" timestamp="2021-02-12T09:38:11">
  <properties/>
  <testcase classname="cash.super_.platform.service.distancematrix.ApplicationContextLoadTest" name="Load Context Test" time="0.005"/>
  <system-out><![CDATA[2021-02-12 01:38:08.109  INFO [app=distance-matrix-service,profiles=default][trace_id=,span_id=,span_xprt=][supercash_tid=,supercash_cid=] 90802 --- [    Test worker] .b.t.c.SpringBootTestContextBootstrapper : Neither @ContextConfiguration nor @ContextHierarchy found for test class [cash.super_.platform.service.distancematrix.ApplicationContextLoadTest], using SpringBootContextLoader
2021-02-12 01:38:08.110  INFO [app=distance-matrix-service,profiles=default][trace_id=,span_id=,span_xprt=][supercash_tid=,supercash_cid=] 90802 --- [    Test worker] o.s.t.c.support.AbstractContextLoader    : Could not detect default resource locations for test class [cash.super_.platform.service.distancematrix.ApplicationContextLoadTest]: no resource found for suffixes {-context.xml, Context.groovy}.
2021-02-12 01:38:08.111  INFO [app=distance-matrix-service,profiles=default][trace_id=,span_id=,span_xprt=][supercash_tid=,supercash_cid=] 90802 --- [    Test worker] t.c.s.AnnotationConfigContextLoaderUtils : Could not detect default configuration classes for test class [cash.super_.platform.service.distancematrix.ApplicationContextLoadTest]: ApplicationContextLoadTest does not declare any static, non-private, non-final, nested classes annotated with @Configuration.
2021-02-12 01:38:08.120  INFO [app=distance-matrix-service,profiles=default][trace_id=,span_id=,span_xprt=][supercash_tid=,supercash_cid=] 90802 --- [    Test worker] .b.t.c.SpringBootTestContextBootstrapper : Found @SpringBootConfiguration cash.super_.platform.service.DistanceMatrixApplication for test class cash.super_.platform.service.distancematrix.ApplicationContextLoadTest
2021-02-12 01:38:08.122  INFO [app=distance-matrix-service,profiles=default][trace_id=,span_id=,span_xprt=][supercash_tid=,supercash_cid=] 90802 --- [    Test worker] .b.t.c.SpringBootTestContextBootstrapper : Loaded default TestExecutionListener class names from location [META-INF/spring.factories]: [org.springframework.boot.test.autoconfigure.restdocs.RestDocsTestExecutionListener, org.springframework.boot.test.autoconfigure.web.client.MockRestServiceServerResetTestExecutionListener, org.springframework.boot.test.autoconfigure.web.servlet.MockMvcPrintOnlyOnFailureTestExecutionListener, org.springframework.boot.test.autoconfigure.web.servlet.WebDriverTestExecutionListener, org.springframework.boot.test.autoconfigure.webservices.client.MockWebServiceServerTestExecutionListener, org.springframework.boot.test.mock.mockito.MockitoTestExecutionListener, org.springframework.boot.test.mock.mockito.ResetMocksTestExecutionListener, org.springframework.test.context.web.ServletTestExecutionListener, org.springframework.test.context.support.DirtiesContextBeforeModesTestExecutionListener, org.springframework.test.context.support.DependencyInjectionTestExecutionListener, org.springframework.test.context.support.DirtiesContextTestExecutionListener, org.springframework.test.context.transaction.TransactionalTestExecutionListener, org.springframework.test.context.jdbc.SqlScriptsTestExecutionListener, org.springframework.test.context.event.EventPublishingTestExecutionListener]
2021-02-12 01:38:08.123  INFO [app=distance-matrix-service,profiles=default][trace_id=,span_id=,span_xprt=][supercash_tid=,supercash_cid=] 90802 --- [    Test worker] .b.t.c.SpringBootTestContextBootstrapper : Using TestExecutionListeners: [org.springframework.test.context.web.ServletTestExecutionListener@9edf9f7, org.springframework.test.context.support.DirtiesContextBeforeModesTestExecutionListener@4b1e57b6, org.springframework.boot.test.mock.mockito.MockitoTestExecutionListener@47852cd5, org.springframework.boot.test.autoconfigure.SpringBootDependencyInjectionTestExecutionListener@39cdaa43, org.springframework.test.context.support.DirtiesContextTestExecutionListener@5f09decc, org.springframework.test.context.event.EventPublishingTestExecutionListener@6693917c, org.springframework.boot.test.autoconfigure.restdocs.RestDocsTestExecutionListener@81efaff, org.springframework.boot.test.autoconfigure.web.client.MockRestServiceServerResetTestExecutionListener@5c55d60d, org.springframework.boot.test.autoconfigure.web.servlet.MockMvcPrintOnlyOnFailureTestExecutionListener@4dbb8cf5, org.springframework.boot.test.autoconfigure.web.servlet.WebDriverTestExecutionListener@3759fc4f, org.springframework.boot.test.autoconfigure.webservices.client.MockWebServiceServerTestExecutionListener@486f3159, org.springframework.boot.test.mock.mockito.ResetMocksTestExecutionListener@3af873e7]
   _____                        _____          _     
  / ____|                      / ____|        | |    
 | (___  _   _ _ __   ___ _ __| |     __ _ ___| |__  
  \___ \| | | | '_ \ / _ \ '__| |    / _` / __| '_ \ 
  ____) | |_| | |_) |  __/ |  | |___| (_| \__ \ | | |
 |_____/ \__,_| .__/ \___|_|   \_____\__,_|___/_| |_|
              | |              ]]>&#128176;&#128176;&#128176;&#128176;&#128176;&#128176;&#128176;&#128176;&#128176;&#128176;&#128176;<![CDATA[
              |_| :: SpringBoot :: 2.3.5.RELEASE ::

2021-02-12 01:38:08.265  INFO [app=distance-matrix-service,profiles=default][trace_id=,span_id=,span_xprt=][supercash_tid=,supercash_cid=] 90802 --- [    Test worker] c.s.p.s.d.ApplicationContextLoadTest     : No active profile set, falling back to default profiles: default
2021-02-12 01:38:08.270 DEBUG [app=distance-matrix-service,profiles=default][trace_id=,span_id=,span_xprt=][supercash_tid=,supercash_cid=] 90802 --- [    Test worker] o.s.b.c.c.ConfigFileApplicationListener  : Loaded config file 'file:/Users/marcellodesales/dev/gitlab.com/supercash/services/distance-matrix-service/build/resources/main/application.yaml' (classpath:/application.yaml)
2021-02-12 01:38:08.270 DEBUG [app=distance-matrix-service,profiles=default][trace_id=,span_id=,span_xprt=][supercash_tid=,supercash_cid=] 90802 --- [    Test worker] o.s.w.c.s.GenericWebApplicationContext   : Refreshing org.springframework.web.context.support.GenericWebApplicationContext@6be6a75a
2021-02-12 01:38:08.897  INFO [app=distance-matrix-service,profiles=default][trace_id=,span_id=,span_xprt=][supercash_tid=,supercash_cid=] 90802 --- [    Test worker] o.s.cloud.context.scope.GenericScope     : BeanFactory id=2f58bbe8-5879-37fa-bb46-8aac29a6ebef
2021-02-12 01:38:09.187  WARN [app=distance-matrix-service,profiles=default][trace_id=,span_id=,span_xprt=][supercash_tid=,supercash_cid=] 90802 --- [    Test worker] o.h.v.i.p.javabean.JavaBeanExecutable    : HV000254: Missing parameter metadata for TimeUnit(String, int, long), which declares implicit or synthetic parameters. Automatic resolution of generic type information for method parameters may yield incorrect results if multiple parameters have the same erasure. To solve this, compile your code with the '-parameters' flag.
2021-02-12 01:38:09.246  INFO [app=distance-matrix-service,profiles=default][trace_id=,span_id=,span_xprt=][supercash_tid=,supercash_cid=] 90802 --- [    Test worker] anceMatrixGoogleGeoAPICachedProxyService : Bootstrapping the Google Geo API with token: fake**********toke
2021-02-12 01:38:09.248  INFO [app=distance-matrix-service,profiles=default][trace_id=,span_id=,span_xprt=][supercash_tid=,supercash_cid=] 90802 --- [    Test worker] anceMatrixGoogleGeoAPICachedProxyService : Initialized Google Geo API
2021-02-12 01:38:09.249  INFO [app=distance-matrix-service,profiles=default][trace_id=,span_id=,span_xprt=][supercash_tid=,supercash_cid=] 90802 --- [    Test worker] anceMatrixGoogleGeoAPICachedProxyService : Bootstrapping the Results Cache; eviction time of 5 MINUTES
2021-02-12 01:38:09.250  INFO [app=distance-matrix-service,profiles=default][trace_id=,span_id=,span_xprt=][supercash_tid=,supercash_cid=] 90802 --- [    Test worker] anceMatrixGoogleGeoAPICachedProxyService : Initialized the Results Cache
2021-02-12 01:38:09.872 DEBUG [app=distance-matrix-service,profiles=default][trace_id=,span_id=,span_xprt=][supercash_tid=,supercash_cid=] 90802 --- [    Test worker] s.w.s.m.m.a.RequestMappingHandlerMapping : 8 mappings in 'requestMappingHandlerMapping'
2021-02-12 01:38:10.195  INFO [app=distance-matrix-service,profiles=default][trace_id=,span_id=,span_xprt=][supercash_tid=,supercash_cid=] 90802 --- [    Test worker] o.s.b.a.e.web.EndpointLinksResolver      : Exposing 15 endpoint(s) beneath base path '/actuator'
2021-02-12 01:38:10.670  INFO [app=distance-matrix-service,profiles=default][trace_id=,span_id=,span_xprt=][supercash_tid=,supercash_cid=] 90802 --- [    Test worker] o.s.s.concurrent.ThreadPoolTaskExecutor  : Initializing ExecutorService 'applicationTaskExecutor'
2021-02-12 01:38:10.711 DEBUG [app=distance-matrix-service,profiles=default][trace_id=,span_id=,span_xprt=][supercash_tid=,supercash_cid=] 90802 --- [    Test worker] s.w.s.m.m.a.RequestMappingHandlerAdapter : ControllerAdvice beans: 0 @ModelAttribute, 0 @InitBinder, 1 RequestBodyAdvice, 1 ResponseBodyAdvice
2021-02-12 01:38:10.756 DEBUG [app=distance-matrix-service,profiles=default][trace_id=,span_id=,span_xprt=][supercash_tid=,supercash_cid=] 90802 --- [    Test worker] o.s.w.s.handler.SimpleUrlHandlerMapping  : Patterns [/swagger-ui/] in 'viewControllerHandlerMapping'
2021-02-12 01:38:10.780 DEBUG [app=distance-matrix-service,profiles=default][trace_id=,span_id=,span_xprt=][supercash_tid=,supercash_cid=] 90802 --- [    Test worker] o.s.w.s.handler.SimpleUrlHandlerMapping  : Patterns [/webjars/**, /**, /swagger-ui/**] in 'resourceHandlerMapping'
2021-02-12 01:38:10.796 DEBUG [app=distance-matrix-service,profiles=default][trace_id=,span_id=,span_xprt=][supercash_tid=,supercash_cid=] 90802 --- [    Test worker] .m.m.a.ExceptionHandlerExceptionResolver : ControllerAdvice beans: 0 @ExceptionHandler, 1 ResponseBodyAdvice
2021-02-12 01:38:11.039  INFO [app=distance-matrix-service,profiles=default][trace_id=,span_id=,span_xprt=][supercash_tid=,supercash_cid=] 90802 --- [    Test worker] o.s.b.t.m.w.SpringBootMockServletContext : Initializing Spring TestDispatcherServlet ''
2021-02-12 01:38:11.039  INFO [app=distance-matrix-service,profiles=default][trace_id=,span_id=,span_xprt=][supercash_tid=,supercash_cid=] 90802 --- [    Test worker] o.s.t.web.servlet.TestDispatcherServlet  : Initializing Servlet ''
2021-02-12 01:38:11.054  INFO [app=distance-matrix-service,profiles=default][trace_id=,span_id=,span_xprt=][supercash_tid=,supercash_cid=] 90802 --- [    Test worker] o.s.t.web.servlet.TestDispatcherServlet  : Completed initialization in 14 ms
2021-02-12 01:38:11.368  INFO [app=distance-matrix-service,profiles=default][trace_id=,span_id=,span_xprt=][supercash_tid=,supercash_cid=] 90802 --- [    Test worker] c.s.p.s.d.ApplicationContextLoadTest     : Started ApplicationContextLoadTest in 3.237 seconds (JVM running for 23.846)
]]></system-out>
  <system-err/>
</testsuite><testsuite errors="0" failures="0" hostname="marcellos-mbp-2.lan" name="Distance Matrix Controller Integration Tests" skipped="0" tests="1" time="2.015" timestamp="2021-02-12T09:38:02">
  <properties/>
  <testcase classname="cash.super_.platform.service.distancematrix.DistanceMatrixControllerIntegrationTests" name="Test Get Distance Matrix Success" time="2.015"/>
  <system-out><![CDATA[01:37:48.943 [Test worker] DEBUG org.springframework.test.context.BootstrapUtils - Instantiating CacheAwareContextLoaderDelegate from class [org.springframework.test.context.cache.DefaultCacheAwareContextLoaderDelegate]
01:37:48.979 [Test worker] DEBUG org.springframework.test.context.BootstrapUtils - Instantiating BootstrapContext using constructor [public org.springframework.test.context.support.DefaultBootstrapContext(java.lang.Class,org.springframework.test.context.CacheAwareContextLoaderDelegate)]
01:37:49.048 [Test worker] DEBUG org.springframework.test.context.BootstrapUtils - Instantiating TestContextBootstrapper for test class [cash.super_.platform.service.distancematrix.DistanceMatrixControllerIntegrationTests] from class [org.springframework.boot.test.context.SpringBootTestContextBootstrapper]
01:37:49.081 [Test worker] INFO org.springframework.boot.test.context.SpringBootTestContextBootstrapper - Neither @ContextConfiguration nor @ContextHierarchy found for test class [cash.super_.platform.service.distancematrix.DistanceMatrixControllerIntegrationTests], using SpringBootContextLoader
01:37:49.088 [Test worker] DEBUG org.springframework.test.context.support.AbstractContextLoader - Did not detect default resource location for test class [cash.super_.platform.service.distancematrix.DistanceMatrixControllerIntegrationTests]: class path resource [cash/super_/platform/service/distancematrix/DistanceMatrixControllerIntegrationTests-context.xml] does not exist
01:37:49.089 [Test worker] DEBUG org.springframework.test.context.support.AbstractContextLoader - Did not detect default resource location for test class [cash.super_.platform.service.distancematrix.DistanceMatrixControllerIntegrationTests]: class path resource [cash/super_/platform/service/distancematrix/DistanceMatrixControllerIntegrationTestsContext.groovy] does not exist
01:37:49.090 [Test worker] INFO org.springframework.test.context.support.AbstractContextLoader - Could not detect default resource locations for test class [cash.super_.platform.service.distancematrix.DistanceMatrixControllerIntegrationTests]: no resource found for suffixes {-context.xml, Context.groovy}.
01:37:49.092 [Test worker] INFO org.springframework.test.context.support.AnnotationConfigContextLoaderUtils - Could not detect default configuration classes for test class [cash.super_.platform.service.distancematrix.DistanceMatrixControllerIntegrationTests]: DistanceMatrixControllerIntegrationTests does not declare any static, non-private, non-final, nested classes annotated with @Configuration.
01:37:49.350 [Test worker] DEBUG org.springframework.context.annotation.ClassPathScanningCandidateComponentProvider - Identified candidate component class: file [/Users/marcellodesales/dev/gitlab.com/supercash/services/distance-matrix-service/build/classes/java/main/cash/super_/platform/service/DistanceMatrixApplication.class]
01:37:49.352 [Test worker] INFO org.springframework.boot.test.context.SpringBootTestContextBootstrapper - Found @SpringBootConfiguration cash.super_.platform.service.DistanceMatrixApplication for test class cash.super_.platform.service.distancematrix.DistanceMatrixControllerIntegrationTests
01:37:49.552 [Test worker] DEBUG org.springframework.boot.test.context.SpringBootTestContextBootstrapper - @TestExecutionListeners is not present for class [cash.super_.platform.service.distancematrix.DistanceMatrixControllerIntegrationTests]: using defaults.
01:37:49.553 [Test worker] INFO org.springframework.boot.test.context.SpringBootTestContextBootstrapper - Loaded default TestExecutionListener class names from location [META-INF/spring.factories]: [org.springframework.boot.test.autoconfigure.restdocs.RestDocsTestExecutionListener, org.springframework.boot.test.autoconfigure.web.client.MockRestServiceServerResetTestExecutionListener, org.springframework.boot.test.autoconfigure.web.servlet.MockMvcPrintOnlyOnFailureTestExecutionListener, org.springframework.boot.test.autoconfigure.web.servlet.WebDriverTestExecutionListener, org.springframework.boot.test.autoconfigure.webservices.client.MockWebServiceServerTestExecutionListener, org.springframework.boot.test.mock.mockito.MockitoTestExecutionListener, org.springframework.boot.test.mock.mockito.ResetMocksTestExecutionListener, org.springframework.test.context.web.ServletTestExecutionListener, org.springframework.test.context.support.DirtiesContextBeforeModesTestExecutionListener, org.springframework.test.context.support.DependencyInjectionTestExecutionListener, org.springframework.test.context.support.DirtiesContextTestExecutionListener, org.springframework.test.context.transaction.TransactionalTestExecutionListener, org.springframework.test.context.jdbc.SqlScriptsTestExecutionListener, org.springframework.test.context.event.EventPublishingTestExecutionListener]
01:37:49.578 [Test worker] DEBUG org.springframework.boot.test.context.SpringBootTestContextBootstrapper - Skipping candidate TestExecutionListener [org.springframework.test.context.transaction.TransactionalTestExecutionListener] due to a missing dependency. Specify custom listener classes or make the default listener classes and their required dependencies available. Offending class: [org/springframework/transaction/interceptor/TransactionAttributeSource]
01:37:49.579 [Test worker] DEBUG org.springframework.boot.test.context.SpringBootTestContextBootstrapper - Skipping candidate TestExecutionListener [org.springframework.test.context.jdbc.SqlScriptsTestExecutionListener] due to a missing dependency. Specify custom listener classes or make the default listener classes and their required dependencies available. Offending class: [org/springframework/transaction/interceptor/TransactionAttribute]
01:37:49.579 [Test worker] INFO org.springframework.boot.test.context.SpringBootTestContextBootstrapper - Using TestExecutionListeners: [org.springframework.test.context.web.ServletTestExecutionListener@4e85daeb, org.springframework.test.context.support.DirtiesContextBeforeModesTestExecutionListener@7bd9e1a2, org.springframework.boot.test.mock.mockito.MockitoTestExecutionListener@6f1e3800, org.springframework.boot.test.autoconfigure.SpringBootDependencyInjectionTestExecutionListener@5a72d297, org.springframework.test.context.support.DirtiesContextTestExecutionListener@3ac019b0, org.springframework.test.context.event.EventPublishingTestExecutionListener@ea03bbb, org.springframework.boot.test.autoconfigure.restdocs.RestDocsTestExecutionListener@10e0cc57, org.springframework.boot.test.autoconfigure.web.client.MockRestServiceServerResetTestExecutionListener@5c4a42b6, org.springframework.boot.test.autoconfigure.web.servlet.MockMvcPrintOnlyOnFailureTestExecutionListener@667ddd16, org.springframework.boot.test.autoconfigure.web.servlet.WebDriverTestExecutionListener@698f4f81, org.springframework.boot.test.autoconfigure.webservices.client.MockWebServiceServerTestExecutionListener@7f1ba493, org.springframework.boot.test.mock.mockito.ResetMocksTestExecutionListener@714a1634]
01:37:49.585 [Test worker] DEBUG org.springframework.test.context.support.AbstractDirtiesContextTestExecutionListener - Before test class: context [DefaultTestContext@79e5f05e testClass = DistanceMatrixControllerIntegrationTests, testInstance = [null], testMethod = [null], testException = [null], mergedContextConfiguration = [WebMergedContextConfiguration@26945beb testClass = DistanceMatrixControllerIntegrationTests, locations = '{}', classes = '{class cash.super_.platform.service.DistanceMatrixApplication}', contextInitializerClasses = '[]', activeProfiles = '{integration_tests}', propertySourceLocations = '{}', propertySourceProperties = '{org.springframework.boot.test.context.SpringBootTestContextBootstrapper=true, server.port=0}', contextCustomizers = set[org.springframework.boot.test.autoconfigure.properties.PropertyMappingContextCustomizer@0, org.springframework.boot.test.autoconfigure.web.servlet.WebDriverContextCustomizerFactory$Customizer@4e4ed069, org.springframework.boot.test.context.filter.ExcludeFilterContextCustomizer@27986a28, org.springframework.boot.test.json.DuplicateJsonObjectContextCustomizerFactory$DuplicateJsonObjectContextCustomizer@c75e82, org.springframework.boot.test.mock.mockito.MockitoContextCustomizer@0, org.springframework.boot.test.web.client.TestRestTemplateContextCustomizer@2f91fc9b, org.springframework.boot.test.context.SpringBootTestArgs@1, org.springframework.boot.test.context.SpringBootTestWebEnvironment@28553017], resourceBasePath = 'src/main/webapp', contextLoader = 'org.springframework.boot.test.context.SpringBootContextLoader', parent = [null]], attributes = map['org.springframework.test.context.web.ServletTestExecutionListener.activateListener' -> false]], class annotated with @DirtiesContext [false] with mode [null].
01:37:49.604 [Test worker] DEBUG org.springframework.test.context.support.DependencyInjectionTestExecutionListener - Performing dependency injection for test context [[DefaultTestContext@79e5f05e testClass = DistanceMatrixControllerIntegrationTests, testInstance = cash.super_.platform.service.distancematrix.DistanceMatrixControllerIntegrationTests@5c00304c, testMethod = [null], testException = [null], mergedContextConfiguration = [WebMergedContextConfiguration@26945beb testClass = DistanceMatrixControllerIntegrationTests, locations = '{}', classes = '{class cash.super_.platform.service.DistanceMatrixApplication}', contextInitializerClasses = '[]', activeProfiles = '{integration_tests}', propertySourceLocations = '{}', propertySourceProperties = '{org.springframework.boot.test.context.SpringBootTestContextBootstrapper=true, server.port=0}', contextCustomizers = set[org.springframework.boot.test.autoconfigure.properties.PropertyMappingContextCustomizer@0, org.springframework.boot.test.autoconfigure.web.servlet.WebDriverContextCustomizerFactory$Customizer@4e4ed069, org.springframework.boot.test.context.filter.ExcludeFilterContextCustomizer@27986a28, org.springframework.boot.test.json.DuplicateJsonObjectContextCustomizerFactory$DuplicateJsonObjectContextCustomizer@c75e82, org.springframework.boot.test.mock.mockito.MockitoContextCustomizer@0, org.springframework.boot.test.web.client.TestRestTemplateContextCustomizer@2f91fc9b, org.springframework.boot.test.context.SpringBootTestArgs@1, org.springframework.boot.test.context.SpringBootTestWebEnvironment@28553017], resourceBasePath = 'src/main/webapp', contextLoader = 'org.springframework.boot.test.context.SpringBootContextLoader', parent = [null]], attributes = map['org.springframework.test.context.web.ServletTestExecutionListener.activateListener' -> false]]].
01:37:49.655 [Test worker] DEBUG org.springframework.core.env.StandardEnvironment - Activating profiles [integration_tests]
01:37:49.662 [Test worker] DEBUG org.springframework.test.context.support.TestPropertySourceUtils - Adding inlined properties to environment: {spring.jmx.enabled=false, org.springframework.boot.test.context.SpringBootTestContextBootstrapper=true, server.port=0}
   _____                        _____          _     
  / ____|                      / ____|        | |    
 | (___  _   _ _ __   ___ _ __| |     __ _ ___| |__  
  \___ \| | | | '_ \ / _ \ '__| |    / _` / __| '_ \ 
  ____) | |_| | |_) |  __/ |  | |___| (_| \__ \ | | |
 |_____/ \__,_| .__/ \___|_|   \_____\__,_|___/_| |_|
              | |              ]]>&#128176;&#128176;&#128176;&#128176;&#128176;&#128176;&#128176;&#128176;&#128176;&#128176;&#128176;<![CDATA[
              |_| :: SpringBoot :: 2.3.5.RELEASE ::

2021-02-12 01:37:51.440  INFO [app=distance-matrix-service,profiles=default][trace_id=,span_id=,span_xprt=][supercash_tid=,supercash_cid=] 90802 --- [    Test worker] DistanceMatrixControllerIntegrationTests : The following profiles are active: integration_tests
2021-02-12 01:37:51.448 DEBUG [app=distance-matrix-service,profiles=default][trace_id=,span_id=,span_xprt=][supercash_tid=,supercash_cid=] 90802 --- [    Test worker] o.s.b.c.c.ConfigFileApplicationListener  : Activated activeProfiles integration_tests
2021-02-12 01:37:51.448 DEBUG [app=distance-matrix-service,profiles=default][trace_id=,span_id=,span_xprt=][supercash_tid=,supercash_cid=] 90802 --- [    Test worker] o.s.b.c.c.ConfigFileApplicationListener  : Loaded config file 'file:/Users/marcellodesales/dev/gitlab.com/supercash/services/distance-matrix-service/build/resources/main/application.yaml' (classpath:/application.yaml)
2021-02-12 01:37:51.449 DEBUG [app=distance-matrix-service,profiles=default][trace_id=,span_id=,span_xprt=][supercash_tid=,supercash_cid=] 90802 --- [    Test worker] o.s.b.c.c.ConfigFileApplicationListener  : Loaded config file 'file:/Users/marcellodesales/dev/gitlab.com/supercash/services/distance-matrix-service/build/resources/test/application-integration_tests.yaml' (classpath:/application-integration_tests.yaml) for profile integration_tests
2021-02-12 01:37:53.488  INFO [app=distance-matrix-service,profiles=default][trace_id=,span_id=,span_xprt=][supercash_tid=,supercash_cid=] 90802 --- [    Test worker] o.s.cloud.context.scope.GenericScope     : BeanFactory id=3984c55b-ee02-3b67-9cd0-557b92c41339
2021-02-12 01:37:55.213  INFO [app=distance-matrix-service,profiles=default][trace_id=,span_id=,span_xprt=][supercash_tid=,supercash_cid=] 90802 --- [    Test worker] o.s.b.w.embedded.tomcat.TomcatWebServer  : Tomcat initialized with port(s): 0 (http)
2021-02-12 01:37:55.238  INFO [app=distance-matrix-service,profiles=default][trace_id=,span_id=,span_xprt=][supercash_tid=,supercash_cid=] 90802 --- [    Test worker] o.apache.catalina.core.StandardService   : Starting service [Tomcat]
2021-02-12 01:37:55.239  INFO [app=distance-matrix-service,profiles=default][trace_id=,span_id=,span_xprt=][supercash_tid=,supercash_cid=] 90802 --- [    Test worker] org.apache.catalina.core.StandardEngine  : Starting Servlet engine: [Apache Tomcat/9.0.39]
2021-02-12 01:37:55.497  INFO [app=distance-matrix-service,profiles=default][trace_id=,span_id=,span_xprt=][supercash_tid=,supercash_cid=] 90802 --- [    Test worker] o.a.c.c.C.[Tomcat].[localhost].[/]       : Initializing Spring embedded WebApplicationContext
2021-02-12 01:37:55.497  INFO [app=distance-matrix-service,profiles=default][trace_id=,span_id=,span_xprt=][supercash_tid=,supercash_cid=] 90802 --- [    Test worker] w.s.c.ServletWebServerApplicationContext : Root WebApplicationContext: initialization completed in 4048 ms
2021-02-12 01:37:57.983  WARN [app=distance-matrix-service,profiles=default][trace_id=,span_id=,span_xprt=][supercash_tid=,supercash_cid=] 90802 --- [    Test worker] o.h.v.i.p.javabean.JavaBeanExecutable    : HV000254: Missing parameter metadata for TimeUnit(String, int, long), which declares implicit or synthetic parameters. Automatic resolution of generic type information for method parameters may yield incorrect results if multiple parameters have the same erasure. To solve this, compile your code with the '-parameters' flag.
2021-02-12 01:37:58.176  INFO [app=distance-matrix-service,profiles=default][trace_id=,span_id=,span_xprt=][supercash_tid=,supercash_cid=] 90802 --- [    Test worker] anceMatrixGoogleGeoAPICachedProxyService : Bootstrapping the Google Geo API with token: AIza**********Ojo_
2021-02-12 01:37:58.602  INFO [app=distance-matrix-service,profiles=default][trace_id=,span_id=,span_xprt=][supercash_tid=,supercash_cid=] 90802 --- [    Test worker] anceMatrixGoogleGeoAPICachedProxyService : Initialized Google Geo API
2021-02-12 01:37:58.603  INFO [app=distance-matrix-service,profiles=default][trace_id=,span_id=,span_xprt=][supercash_tid=,supercash_cid=] 90802 --- [    Test worker] anceMatrixGoogleGeoAPICachedProxyService : Bootstrapping the Results Cache; eviction time of 1 SECONDS
2021-02-12 01:37:58.656  INFO [app=distance-matrix-service,profiles=default][trace_id=,span_id=,span_xprt=][supercash_tid=,supercash_cid=] 90802 --- [    Test worker] anceMatrixGoogleGeoAPICachedProxyService : Initialized the Results Cache
2021-02-12 01:37:59.596 DEBUG [app=distance-matrix-service,profiles=default][trace_id=,span_id=,span_xprt=][supercash_tid=,supercash_cid=] 90802 --- [    Test worker] s.w.s.m.m.a.RequestMappingHandlerMapping : 8 mappings in 'requestMappingHandlerMapping'
2021-02-12 01:37:59.665  INFO [app=distance-matrix-service,profiles=default][trace_id=,span_id=,span_xprt=][supercash_tid=,supercash_cid=] 90802 --- [    Test worker] o.s.b.a.e.web.EndpointLinksResolver      : Exposing 15 endpoint(s) beneath base path '/actuator'
2021-02-12 01:38:00.477  INFO [app=distance-matrix-service,profiles=default][trace_id=,span_id=,span_xprt=][supercash_tid=,supercash_cid=] 90802 --- [    Test worker] o.s.s.concurrent.ThreadPoolTaskExecutor  : Initializing ExecutorService 'applicationTaskExecutor'
2021-02-12 01:38:00.581 DEBUG [app=distance-matrix-service,profiles=default][trace_id=,span_id=,span_xprt=][supercash_tid=,supercash_cid=] 90802 --- [    Test worker] s.w.s.m.m.a.RequestMappingHandlerAdapter : ControllerAdvice beans: 0 @ModelAttribute, 0 @InitBinder, 1 RequestBodyAdvice, 1 ResponseBodyAdvice
2021-02-12 01:38:00.742 DEBUG [app=distance-matrix-service,profiles=default][trace_id=,span_id=,span_xprt=][supercash_tid=,supercash_cid=] 90802 --- [    Test worker] o.s.w.s.handler.SimpleUrlHandlerMapping  : Patterns [/swagger-ui/] in 'viewControllerHandlerMapping'
2021-02-12 01:38:00.811 DEBUG [app=distance-matrix-service,profiles=default][trace_id=,span_id=,span_xprt=][supercash_tid=,supercash_cid=] 90802 --- [    Test worker] o.s.w.s.handler.SimpleUrlHandlerMapping  : Patterns [/webjars/**, /**, /swagger-ui/**] in 'resourceHandlerMapping'
2021-02-12 01:38:00.844 DEBUG [app=distance-matrix-service,profiles=default][trace_id=,span_id=,span_xprt=][supercash_tid=,supercash_cid=] 90802 --- [    Test worker] .m.m.a.ExceptionHandlerExceptionResolver : ControllerAdvice beans: 0 @ExceptionHandler, 1 ResponseBodyAdvice
2021-02-12 01:38:01.752  INFO [app=distance-matrix-service,profiles=default][trace_id=,span_id=,span_xprt=][supercash_tid=,supercash_cid=] 90802 --- [    Test worker] o.s.b.w.embedded.tomcat.TomcatWebServer  : Tomcat started on port(s): 56420 (http) with context path ''
2021-02-12 01:38:02.095  INFO [app=distance-matrix-service,profiles=default][trace_id=,span_id=,span_xprt=][supercash_tid=,supercash_cid=] 90802 --- [    Test worker] DistanceMatrixControllerIntegrationTests : Started DistanceMatrixControllerIntegrationTests in 12.426 seconds (JVM running for 14.573)
2021-02-12 01:38:02.939 DEBUG [app=distance-matrix-service,profiles=default][trace_id=,span_id=,span_xprt=][supercash_tid=,supercash_cid=] 90802 --- [    Test worker] o.s.web.client.RestTemplate              : HTTP POST http://localhost:56420/v1/distancematrix
2021-02-12 01:38:02.989 DEBUG [app=distance-matrix-service,profiles=default][trace_id=,span_id=,span_xprt=][supercash_tid=,supercash_cid=] 90802 --- [    Test worker] o.s.web.client.RestTemplate              : Accept=[application/json, application/*+json]
2021-02-12 01:38:03.009 DEBUG [app=distance-matrix-service,profiles=default][trace_id=,span_id=,span_xprt=][supercash_tid=,supercash_cid=] 90802 --- [    Test worker] o.s.web.client.RestTemplate              : Writing [DistanceMatrixAddresses [originAddress=Maceio, Alagoas, Brazil, destinationAddress=Recife, Pernambuco, Brazil]] with org.springframework.http.converter.json.MappingJackson2HttpMessageConverter
2021-02-12 01:38:03.149  INFO [app=distance-matrix-service,profiles=default][trace_id=,span_id=,span_xprt=][supercash_tid=,supercash_cid=] 90802 --- [o-auto-1-exec-1] o.a.c.c.C.[Tomcat].[localhost].[/]       : Initializing Spring DispatcherServlet 'dispatcherServlet'
2021-02-12 01:38:03.150  INFO [app=distance-matrix-service,profiles=default][trace_id=,span_id=,span_xprt=][supercash_tid=,supercash_cid=] 90802 --- [o-auto-1-exec-1] o.s.web.servlet.DispatcherServlet        : Initializing Servlet 'dispatcherServlet'
2021-02-12 01:38:03.150 DEBUG [app=distance-matrix-service,profiles=default][trace_id=,span_id=,span_xprt=][supercash_tid=,supercash_cid=] 90802 --- [o-auto-1-exec-1] o.s.web.servlet.DispatcherServlet        : Detected StandardServletMultipartResolver
2021-02-12 01:38:03.181 DEBUG [app=distance-matrix-service,profiles=default][trace_id=,span_id=,span_xprt=][supercash_tid=,supercash_cid=] 90802 --- [o-auto-1-exec-1] o.s.web.servlet.DispatcherServlet        : enableLoggingRequestDetails='false': request parameters and headers will be masked to prevent unsafe logging of potentially sensitive data
2021-02-12 01:38:03.181  INFO [app=distance-matrix-service,profiles=default][trace_id=,span_id=,span_xprt=][supercash_tid=,supercash_cid=] 90802 --- [o-auto-1-exec-1] o.s.web.servlet.DispatcherServlet        : Completed initialization in 31 ms
2021-02-12 01:38:03.211 DEBUG [app=distance-matrix-service,profiles=default][trace_id=7356228f5e4850b7,span_id=7356228f5e4850b7,span_xprt=true][supercash_tid=transaction-fb66ef1,supercash_cid=] 90802 --- [o-auto-1-exec-1] o.s.web.servlet.DispatcherServlet        : POST "/v1/distancematrix", parameters={}
2021-02-12 01:38:03.221 DEBUG [app=distance-matrix-service,profiles=default][trace_id=7356228f5e4850b7,span_id=7356228f5e4850b7,span_xprt=true][supercash_tid=transaction-fb66ef1,supercash_cid=] 90802 --- [o-auto-1-exec-1] s.w.s.m.m.a.RequestMappingHandlerMapping : Mapped to cash.super_.platform.service.distancematrix.DistanceMatrixController#calculateDistance(DistanceMatrixAddresses, Optional, Optional)
2021-02-12 01:38:03.264 DEBUG [app=distance-matrix-service,profiles=default][trace_id=7356228f5e4850b7,span_id=7356228f5e4850b7,span_xprt=true][supercash_tid=transaction-fb66ef1,supercash_cid=] 90802 --- [o-auto-1-exec-1] m.m.a.RequestResponseBodyMethodProcessor : Read "application/json;charset=UTF-8" to [DistanceMatrixAddresses [originAddress=Maceio, Alagoas, Brazil, destinationAddress=Recife, Pernambuc (truncated)...]
2021-02-12 01:38:03.287  INFO [app=distance-matrix-service,profiles=default][trace_id=7356228f5e4850b7,span_id=7356228f5e4850b7,span_xprt=true][supercash_tid=transaction-fb66ef1,supercash_cid=] 90802 --- [o-auto-1-exec-1] anceMatrixGoogleGeoAPICachedProxyService : Addresses not in cache: DistanceMatrixAddresses [originAddress=Maceio, Alagoas, Brazil, destinationAddress=Recife, Pernambuco, Brazil]
2021-02-12 01:38:03.288  INFO [app=distance-matrix-service,profiles=default][trace_id=7356228f5e4850b7,span_id=36cd99eb314de70c,span_xprt=true][supercash_tid=transaction-fb66ef1,supercash_cid=] 90802 --- [o-auto-1-exec-1] anceMatrixGoogleGeoAPICachedProxyService : Requesting calculation of distance to google API: DistanceMatrixAddresses [originAddress=Maceio, Alagoas, Brazil, destinationAddress=Recife, Pernambuco, Brazil]
2021-02-12 01:38:04.017  INFO [app=distance-matrix-service,profiles=default][trace_id=7356228f5e4850b7,span_id=7356228f5e4850b7,span_xprt=true][supercash_tid=transaction-fb66ef1,supercash_cid=] 90802 --- [o-auto-1-exec-1] c.s.p.service.DistanceMatrixApplication  : Distance of DistanceMatrixAddresses [originAddress=Maceio, Alagoas, Brazil, destinationAddress=Recife, Pernambuco, Brazil] is DistanceMatrixResult [distance=257059, time=13386] 
2021-02-12 01:38:04.022 DEBUG [app=distance-matrix-service,profiles=default][trace_id=7356228f5e4850b7,span_id=7356228f5e4850b7,span_xprt=true][supercash_tid=transaction-fb66ef1,supercash_cid=] 90802 --- [o-auto-1-exec-1] o.s.w.s.m.m.a.HttpEntityMethodProcessor  : Using 'application/json', given [application/json, application/*+json] and supported [application/json]
2021-02-12 01:38:04.025 DEBUG [app=distance-matrix-service,profiles=default][trace_id=7356228f5e4850b7,span_id=7356228f5e4850b7,span_xprt=true][supercash_tid=transaction-fb66ef1,supercash_cid=] 90802 --- [o-auto-1-exec-1] o.s.w.s.m.m.a.HttpEntityMethodProcessor  : Writing [DistanceMatrixResult [distance=257059, time=13386]]
2021-02-12 01:38:04.036 DEBUG [app=distance-matrix-service,profiles=default][trace_id=,span_id=,span_xprt=][supercash_tid=,supercash_cid=] 90802 --- [    Test worker] o.s.web.client.RestTemplate              : Response 200 OK
2021-02-12 01:38:04.037 DEBUG [app=distance-matrix-service,profiles=default][trace_id=,span_id=,span_xprt=][supercash_tid=,supercash_cid=] 90802 --- [    Test worker] o.s.web.client.RestTemplate              : Reading to [cash.super_.platform.service.distancematrix.model.DistanceMatrixResult]
2021-02-12 01:38:04.038 DEBUG [app=distance-matrix-service,profiles=default][trace_id=7356228f5e4850b7,span_id=7356228f5e4850b7,span_xprt=true][supercash_tid=transaction-fb66ef1,supercash_cid=] 90802 --- [o-auto-1-exec-1] o.s.web.servlet.DispatcherServlet        : Completed 200 OK
]]></system-out>
  <system-err/>
</testsuite><testsuite errors="0" failures="0" hostname="marcellos-mbp-2.lan" name="Distance Matrix Service Tests Mocking Google GeoAPI" skipped="1" tests="1" time="0.0" timestamp="2021-02-12T09:38:08">
  <properties/>
  <testcase classname="cash.super_.platform.service.distancematrix.DistanceMatrixGoogleGeoAPICachedProxyServiceTests" name="Test service to Distance Matrix Success mocking Google Geo API" time="0.0">
    <skipped/>
  </testcase>
  <system-out><![CDATA[2021-02-12 01:38:04.194  INFO [app=distance-matrix-service,profiles=default][trace_id=,span_id=,span_xprt=][supercash_tid=,supercash_cid=] 90802 --- [    Test worker] .b.t.c.SpringBootTestContextBootstrapper : Neither @ContextConfiguration nor @ContextHierarchy found for test class [cash.super_.platform.service.distancematrix.DistanceMatrixGoogleGeoAPICachedProxyServiceTests], using SpringBootContextLoader
2021-02-12 01:38:04.195  INFO [app=distance-matrix-service,profiles=default][trace_id=,span_id=,span_xprt=][supercash_tid=,supercash_cid=] 90802 --- [    Test worker] o.s.t.c.support.AbstractContextLoader    : Could not detect default resource locations for test class [cash.super_.platform.service.distancematrix.DistanceMatrixGoogleGeoAPICachedProxyServiceTests]: no resource found for suffixes {-context.xml, Context.groovy}.
2021-02-12 01:38:04.195  INFO [app=distance-matrix-service,profiles=default][trace_id=,span_id=,span_xprt=][supercash_tid=,supercash_cid=] 90802 --- [    Test worker] t.c.s.AnnotationConfigContextLoaderUtils : Could not detect default configuration classes for test class [cash.super_.platform.service.distancematrix.DistanceMatrixGoogleGeoAPICachedProxyServiceTests]: DistanceMatrixGoogleGeoAPICachedProxyServiceTests does not declare any static, non-private, non-final, nested classes annotated with @Configuration.
2021-02-12 01:38:04.198  INFO [app=distance-matrix-service,profiles=default][trace_id=,span_id=,span_xprt=][supercash_tid=,supercash_cid=] 90802 --- [    Test worker] .b.t.c.SpringBootTestContextBootstrapper : Found @SpringBootConfiguration cash.super_.platform.service.DistanceMatrixApplication for test class cash.super_.platform.service.distancematrix.DistanceMatrixGoogleGeoAPICachedProxyServiceTests
2021-02-12 01:38:04.200  INFO [app=distance-matrix-service,profiles=default][trace_id=,span_id=,span_xprt=][supercash_tid=,supercash_cid=] 90802 --- [    Test worker] .b.t.c.SpringBootTestContextBootstrapper : Loaded default TestExecutionListener class names from location [META-INF/spring.factories]: [org.springframework.boot.test.autoconfigure.restdocs.RestDocsTestExecutionListener, org.springframework.boot.test.autoconfigure.web.client.MockRestServiceServerResetTestExecutionListener, org.springframework.boot.test.autoconfigure.web.servlet.MockMvcPrintOnlyOnFailureTestExecutionListener, org.springframework.boot.test.autoconfigure.web.servlet.WebDriverTestExecutionListener, org.springframework.boot.test.autoconfigure.webservices.client.MockWebServiceServerTestExecutionListener, org.springframework.boot.test.mock.mockito.MockitoTestExecutionListener, org.springframework.boot.test.mock.mockito.ResetMocksTestExecutionListener, org.springframework.test.context.web.ServletTestExecutionListener, org.springframework.test.context.support.DirtiesContextBeforeModesTestExecutionListener, org.springframework.test.context.support.DependencyInjectionTestExecutionListener, org.springframework.test.context.support.DirtiesContextTestExecutionListener, org.springframework.test.context.transaction.TransactionalTestExecutionListener, org.springframework.test.context.jdbc.SqlScriptsTestExecutionListener, org.springframework.test.context.event.EventPublishingTestExecutionListener]
2021-02-12 01:38:04.201  INFO [app=distance-matrix-service,profiles=default][trace_id=,span_id=,span_xprt=][supercash_tid=,supercash_cid=] 90802 --- [    Test worker] .b.t.c.SpringBootTestContextBootstrapper : Using TestExecutionListeners: [org.springframework.test.context.web.ServletTestExecutionListener@68e6a296, org.springframework.test.context.support.DirtiesContextBeforeModesTestExecutionListener@132eef07, org.springframework.boot.test.mock.mockito.MockitoTestExecutionListener@651e3e63, org.springframework.boot.test.autoconfigure.SpringBootDependencyInjectionTestExecutionListener@8f607af, org.springframework.test.context.support.DirtiesContextTestExecutionListener@55d9e635, org.springframework.test.context.event.EventPublishingTestExecutionListener@316b7d5e, org.springframework.boot.test.autoconfigure.restdocs.RestDocsTestExecutionListener@2512b036, org.springframework.boot.test.autoconfigure.web.client.MockRestServiceServerResetTestExecutionListener@1d611044, org.springframework.boot.test.autoconfigure.web.servlet.MockMvcPrintOnlyOnFailureTestExecutionListener@793b593, org.springframework.boot.test.autoconfigure.web.servlet.WebDriverTestExecutionListener@6d78b9b2, org.springframework.boot.test.autoconfigure.webservices.client.MockWebServiceServerTestExecutionListener@5ddb272b, org.springframework.boot.test.mock.mockito.ResetMocksTestExecutionListener@482dffe4]
   _____                        _____          _     
  / ____|                      / ____|        | |    
 | (___  _   _ _ __   ___ _ __| |     __ _ ___| |__  
  \___ \| | | | '_ \ / _ \ '__| |    / _` / __| '_ \ 
  ____) | |_| | |_) |  __/ |  | |___| (_| \__ \ | | |
 |_____/ \__,_| .__/ \___|_|   \_____\__,_|___/_| |_|
              | |              ]]>&#128176;&#128176;&#128176;&#128176;&#128176;&#128176;&#128176;&#128176;&#128176;&#128176;&#128176;<![CDATA[
              |_| :: SpringBoot :: 2.3.5.RELEASE ::

2021-02-12 01:38:04.398  INFO [app=distance-matrix-service,profiles=default][trace_id=,span_id=,span_xprt=][supercash_tid=,supercash_cid=] 90802 --- [    Test worker] atrixGoogleGeoAPICachedProxyServiceTests : No active profile set, falling back to default profiles: default
2021-02-12 01:38:04.404 DEBUG [app=distance-matrix-service,profiles=default][trace_id=,span_id=,span_xprt=][supercash_tid=,supercash_cid=] 90802 --- [    Test worker] o.s.b.c.c.ConfigFileApplicationListener  : Loaded config file 'file:/Users/marcellodesales/dev/gitlab.com/supercash/services/distance-matrix-service/build/resources/main/application.yaml' (classpath:/application.yaml)
2021-02-12 01:38:04.405 DEBUG [app=distance-matrix-service,profiles=default][trace_id=,span_id=,span_xprt=][supercash_tid=,supercash_cid=] 90802 --- [    Test worker] o.s.w.c.s.GenericWebApplicationContext   : Refreshing org.springframework.web.context.support.GenericWebApplicationContext@1c3f092a
2021-02-12 01:38:05.113  INFO [app=distance-matrix-service,profiles=default][trace_id=,span_id=,span_xprt=][supercash_tid=,supercash_cid=] 90802 --- [    Test worker] o.s.cloud.context.scope.GenericScope     : BeanFactory id=56590be1-51c5-30ce-99a3-79f8db80bb3b
2021-02-12 01:38:05.526  WARN [app=distance-matrix-service,profiles=default][trace_id=,span_id=,span_xprt=][supercash_tid=,supercash_cid=] 90802 --- [    Test worker] o.h.v.i.p.javabean.JavaBeanExecutable    : HV000254: Missing parameter metadata for TimeUnit(String, int, long), which declares implicit or synthetic parameters. Automatic resolution of generic type information for method parameters may yield incorrect results if multiple parameters have the same erasure. To solve this, compile your code with the '-parameters' flag.
2021-02-12 01:38:05.581  INFO [app=distance-matrix-service,profiles=default][trace_id=,span_id=,span_xprt=][supercash_tid=,supercash_cid=] 90802 --- [    Test worker] anceMatrixGoogleGeoAPICachedProxyService : Bootstrapping the Google Geo API with token: fake**********toke
2021-02-12 01:38:05.582  INFO [app=distance-matrix-service,profiles=default][trace_id=,span_id=,span_xprt=][supercash_tid=,supercash_cid=] 90802 --- [    Test worker] anceMatrixGoogleGeoAPICachedProxyService : Initialized Google Geo API
2021-02-12 01:38:05.583  INFO [app=distance-matrix-service,profiles=default][trace_id=,span_id=,span_xprt=][supercash_tid=,supercash_cid=] 90802 --- [    Test worker] anceMatrixGoogleGeoAPICachedProxyService : Bootstrapping the Results Cache; eviction time of 5 MINUTES
2021-02-12 01:38:05.584  INFO [app=distance-matrix-service,profiles=default][trace_id=,span_id=,span_xprt=][supercash_tid=,supercash_cid=] 90802 --- [    Test worker] anceMatrixGoogleGeoAPICachedProxyService : Initialized the Results Cache
2021-02-12 01:38:06.237 DEBUG [app=distance-matrix-service,profiles=default][trace_id=,span_id=,span_xprt=][supercash_tid=,supercash_cid=] 90802 --- [    Test worker] s.w.s.m.m.a.RequestMappingHandlerMapping : 8 mappings in 'requestMappingHandlerMapping'
2021-02-12 01:38:06.634  INFO [app=distance-matrix-service,profiles=default][trace_id=,span_id=,span_xprt=][supercash_tid=,supercash_cid=] 90802 --- [    Test worker] o.s.b.a.e.web.EndpointLinksResolver      : Exposing 15 endpoint(s) beneath base path '/actuator'
2021-02-12 01:38:07.113  INFO [app=distance-matrix-service,profiles=default][trace_id=,span_id=,span_xprt=][supercash_tid=,supercash_cid=] 90802 --- [    Test worker] o.s.s.concurrent.ThreadPoolTaskExecutor  : Initializing ExecutorService 'applicationTaskExecutor'
2021-02-12 01:38:07.143 DEBUG [app=distance-matrix-service,profiles=default][trace_id=,span_id=,span_xprt=][supercash_tid=,supercash_cid=] 90802 --- [    Test worker] s.w.s.m.m.a.RequestMappingHandlerAdapter : ControllerAdvice beans: 0 @ModelAttribute, 0 @InitBinder, 1 RequestBodyAdvice, 1 ResponseBodyAdvice
2021-02-12 01:38:07.190 DEBUG [app=distance-matrix-service,profiles=default][trace_id=,span_id=,span_xprt=][supercash_tid=,supercash_cid=] 90802 --- [    Test worker] o.s.w.s.handler.SimpleUrlHandlerMapping  : Patterns [/swagger-ui/] in 'viewControllerHandlerMapping'
2021-02-12 01:38:07.227 DEBUG [app=distance-matrix-service,profiles=default][trace_id=,span_id=,span_xprt=][supercash_tid=,supercash_cid=] 90802 --- [    Test worker] o.s.w.s.handler.SimpleUrlHandlerMapping  : Patterns [/webjars/**, /**, /swagger-ui/**] in 'resourceHandlerMapping'
2021-02-12 01:38:07.247 DEBUG [app=distance-matrix-service,profiles=default][trace_id=,span_id=,span_xprt=][supercash_tid=,supercash_cid=] 90802 --- [    Test worker] .m.m.a.ExceptionHandlerExceptionResolver : ControllerAdvice beans: 0 @ExceptionHandler, 1 ResponseBodyAdvice
2021-02-12 01:38:07.856  INFO [app=distance-matrix-service,profiles=default][trace_id=,span_id=,span_xprt=][supercash_tid=,supercash_cid=] 90802 --- [    Test worker] atrixGoogleGeoAPICachedProxyServiceTests : Started DistanceMatrixGoogleGeoAPICachedProxyServiceTests in 3.642 seconds (JVM running for 20.334)
]]></system-out>
  <system-err/>
</testsuite></testsuites>