<?xml version="1.0" encoding="UTF-8"?>
<testsuite name="Basic Smoke tests" tests="1" skipped="0" failures="0" errors="0" timestamp="2021-02-12T09:38:11" hostname="marcellos-mbp-2.lan" time="0.005">
  <properties/>
  <testcase name="Load Context Test" classname="cash.super_.platform.service.distancematrix.ApplicationContextLoadTest" time="0.005"/>
  <system-out><![CDATA[2021-02-12 01:38:08.109  INFO [app=distance-matrix-service,profiles=default][trace_id=,span_id=,span_xprt=][supercash_tid=,supercash_cid=] 90802 --- [    Test worker] .b.t.c.SpringBootTestContextBootstrapper : Neither @ContextConfiguration nor @ContextHierarchy found for test class [cash.super_.platform.service.distancematrix.ApplicationContextLoadTest], using SpringBootContextLoader
2021-02-12 01:38:08.110  INFO [app=distance-matrix-service,profiles=default][trace_id=,span_id=,span_xprt=][supercash_tid=,supercash_cid=] 90802 --- [    Test worker] o.s.t.c.support.AbstractContextLoader    : Could not detect default resource locations for test class [cash.super_.platform.service.distancematrix.ApplicationContextLoadTest]: no resource found for suffixes {-context.xml, Context.groovy}.
2021-02-12 01:38:08.111  INFO [app=distance-matrix-service,profiles=default][trace_id=,span_id=,span_xprt=][supercash_tid=,supercash_cid=] 90802 --- [    Test worker] t.c.s.AnnotationConfigContextLoaderUtils : Could not detect default configuration classes for test class [cash.super_.platform.service.distancematrix.ApplicationContextLoadTest]: ApplicationContextLoadTest does not declare any static, non-private, non-final, nested classes annotated with @Configuration.
2021-02-12 01:38:08.120  INFO [app=distance-matrix-service,profiles=default][trace_id=,span_id=,span_xprt=][supercash_tid=,supercash_cid=] 90802 --- [    Test worker] .b.t.c.SpringBootTestContextBootstrapper : Found @SpringBootConfiguration cash.super_.platform.service.DistanceMatrixApplication for test class cash.super_.platform.service.distancematrix.ApplicationContextLoadTest
2021-02-12 01:38:08.122  INFO [app=distance-matrix-service,profiles=default][trace_id=,span_id=,span_xprt=][supercash_tid=,supercash_cid=] 90802 --- [    Test worker] .b.t.c.SpringBootTestContextBootstrapper : Loaded default TestExecutionListener class names from location [META-INF/spring.factories]: [org.springframework.boot.test.autoconfigure.restdocs.RestDocsTestExecutionListener, org.springframework.boot.test.autoconfigure.web.client.MockRestServiceServerResetTestExecutionListener, org.springframework.boot.test.autoconfigure.web.servlet.MockMvcPrintOnlyOnFailureTestExecutionListener, org.springframework.boot.test.autoconfigure.web.servlet.WebDriverTestExecutionListener, org.springframework.boot.test.autoconfigure.webservices.client.MockWebServiceServerTestExecutionListener, org.springframework.boot.test.mock.mockito.MockitoTestExecutionListener, org.springframework.boot.test.mock.mockito.ResetMocksTestExecutionListener, org.springframework.test.context.web.ServletTestExecutionListener, org.springframework.test.context.support.DirtiesContextBeforeModesTestExecutionListener, org.springframework.test.context.support.DependencyInjectionTestExecutionListener, org.springframework.test.context.support.DirtiesContextTestExecutionListener, org.springframework.test.context.transaction.TransactionalTestExecutionListener, org.springframework.test.context.jdbc.SqlScriptsTestExecutionListener, org.springframework.test.context.event.EventPublishingTestExecutionListener]
2021-02-12 01:38:08.123  INFO [app=distance-matrix-service,profiles=default][trace_id=,span_id=,span_xprt=][supercash_tid=,supercash_cid=] 90802 --- [    Test worker] .b.t.c.SpringBootTestContextBootstrapper : Using TestExecutionListeners: [org.springframework.test.context.web.ServletTestExecutionListener@9edf9f7, org.springframework.test.context.support.DirtiesContextBeforeModesTestExecutionListener@4b1e57b6, org.springframework.boot.test.mock.mockito.MockitoTestExecutionListener@47852cd5, org.springframework.boot.test.autoconfigure.SpringBootDependencyInjectionTestExecutionListener@39cdaa43, org.springframework.test.context.support.DirtiesContextTestExecutionListener@5f09decc, org.springframework.test.context.event.EventPublishingTestExecutionListener@6693917c, org.springframework.boot.test.autoconfigure.restdocs.RestDocsTestExecutionListener@81efaff, org.springframework.boot.test.autoconfigure.web.client.MockRestServiceServerResetTestExecutionListener@5c55d60d, org.springframework.boot.test.autoconfigure.web.servlet.MockMvcPrintOnlyOnFailureTestExecutionListener@4dbb8cf5, org.springframework.boot.test.autoconfigure.web.servlet.WebDriverTestExecutionListener@3759fc4f, org.springframework.boot.test.autoconfigure.webservices.client.MockWebServiceServerTestExecutionListener@486f3159, org.springframework.boot.test.mock.mockito.ResetMocksTestExecutionListener@3af873e7]
   _____                        _____          _     
  / ____|                      / ____|        | |    
 | (___  _   _ _ __   ___ _ __| |     __ _ ___| |__  
  \___ \| | | | '_ \ / _ \ '__| |    / _` / __| '_ \ 
  ____) | |_| | |_) |  __/ |  | |___| (_| \__ \ | | |
 |_____/ \__,_| .__/ \___|_|   \_____\__,_|___/_| |_|
              | |              ]]>&#x1f4b0;<![CDATA[]]>&#x1f4b0;<![CDATA[]]>&#x1f4b0;<![CDATA[]]>&#x1f4b0;<![CDATA[]]>&#x1f4b0;<![CDATA[]]>&#x1f4b0;<![CDATA[]]>&#x1f4b0;<![CDATA[]]>&#x1f4b0;<![CDATA[]]>&#x1f4b0;<![CDATA[]]>&#x1f4b0;<![CDATA[]]>&#x1f4b0;<![CDATA[
              |_| :: SpringBoot :: 2.3.5.RELEASE ::

2021-02-12 01:38:08.265  INFO [app=distance-matrix-service,profiles=default][trace_id=,span_id=,span_xprt=][supercash_tid=,supercash_cid=] 90802 --- [    Test worker] c.s.p.s.d.ApplicationContextLoadTest     : No active profile set, falling back to default profiles: default
2021-02-12 01:38:08.270 DEBUG [app=distance-matrix-service,profiles=default][trace_id=,span_id=,span_xprt=][supercash_tid=,supercash_cid=] 90802 --- [    Test worker] o.s.b.c.c.ConfigFileApplicationListener  : Loaded config file 'file:/Users/marcellodesales/dev/gitlab.com/supercash/services/distance-matrix-service/build/resources/main/application.yaml' (classpath:/application.yaml)
2021-02-12 01:38:08.270 DEBUG [app=distance-matrix-service,profiles=default][trace_id=,span_id=,span_xprt=][supercash_tid=,supercash_cid=] 90802 --- [    Test worker] o.s.w.c.s.GenericWebApplicationContext   : Refreshing org.springframework.web.context.support.GenericWebApplicationContext@6be6a75a
2021-02-12 01:38:08.897  INFO [app=distance-matrix-service,profiles=default][trace_id=,span_id=,span_xprt=][supercash_tid=,supercash_cid=] 90802 --- [    Test worker] o.s.cloud.context.scope.GenericScope     : BeanFactory id=2f58bbe8-5879-37fa-bb46-8aac29a6ebef
2021-02-12 01:38:09.187  WARN [app=distance-matrix-service,profiles=default][trace_id=,span_id=,span_xprt=][supercash_tid=,supercash_cid=] 90802 --- [    Test worker] o.h.v.i.p.javabean.JavaBeanExecutable    : HV000254: Missing parameter metadata for TimeUnit(String, int, long), which declares implicit or synthetic parameters. Automatic resolution of generic type information for method parameters may yield incorrect results if multiple parameters have the same erasure. To solve this, compile your code with the '-parameters' flag.
2021-02-12 01:38:09.246  INFO [app=distance-matrix-service,profiles=default][trace_id=,span_id=,span_xprt=][supercash_tid=,supercash_cid=] 90802 --- [    Test worker] anceMatrixGoogleGeoAPICachedProxyService : Bootstrapping the Google Geo API with token: fake**********toke
2021-02-12 01:38:09.248  INFO [app=distance-matrix-service,profiles=default][trace_id=,span_id=,span_xprt=][supercash_tid=,supercash_cid=] 90802 --- [    Test worker] anceMatrixGoogleGeoAPICachedProxyService : Initialized Google Geo API
2021-02-12 01:38:09.249  INFO [app=distance-matrix-service,profiles=default][trace_id=,span_id=,span_xprt=][supercash_tid=,supercash_cid=] 90802 --- [    Test worker] anceMatrixGoogleGeoAPICachedProxyService : Bootstrapping the Results Cache; eviction time of 5 MINUTES
2021-02-12 01:38:09.250  INFO [app=distance-matrix-service,profiles=default][trace_id=,span_id=,span_xprt=][supercash_tid=,supercash_cid=] 90802 --- [    Test worker] anceMatrixGoogleGeoAPICachedProxyService : Initialized the Results Cache
2021-02-12 01:38:09.872 DEBUG [app=distance-matrix-service,profiles=default][trace_id=,span_id=,span_xprt=][supercash_tid=,supercash_cid=] 90802 --- [    Test worker] s.w.s.m.m.a.RequestMappingHandlerMapping : 8 mappings in 'requestMappingHandlerMapping'
2021-02-12 01:38:10.195  INFO [app=distance-matrix-service,profiles=default][trace_id=,span_id=,span_xprt=][supercash_tid=,supercash_cid=] 90802 --- [    Test worker] o.s.b.a.e.web.EndpointLinksResolver      : Exposing 15 endpoint(s) beneath base path '/actuator'
2021-02-12 01:38:10.670  INFO [app=distance-matrix-service,profiles=default][trace_id=,span_id=,span_xprt=][supercash_tid=,supercash_cid=] 90802 --- [    Test worker] o.s.s.concurrent.ThreadPoolTaskExecutor  : Initializing ExecutorService 'applicationTaskExecutor'
2021-02-12 01:38:10.711 DEBUG [app=distance-matrix-service,profiles=default][trace_id=,span_id=,span_xprt=][supercash_tid=,supercash_cid=] 90802 --- [    Test worker] s.w.s.m.m.a.RequestMappingHandlerAdapter : ControllerAdvice beans: 0 @ModelAttribute, 0 @InitBinder, 1 RequestBodyAdvice, 1 ResponseBodyAdvice
2021-02-12 01:38:10.756 DEBUG [app=distance-matrix-service,profiles=default][trace_id=,span_id=,span_xprt=][supercash_tid=,supercash_cid=] 90802 --- [    Test worker] o.s.w.s.handler.SimpleUrlHandlerMapping  : Patterns [/swagger-ui/] in 'viewControllerHandlerMapping'
2021-02-12 01:38:10.780 DEBUG [app=distance-matrix-service,profiles=default][trace_id=,span_id=,span_xprt=][supercash_tid=,supercash_cid=] 90802 --- [    Test worker] o.s.w.s.handler.SimpleUrlHandlerMapping  : Patterns [/webjars/**, /**, /swagger-ui/**] in 'resourceHandlerMapping'
2021-02-12 01:38:10.796 DEBUG [app=distance-matrix-service,profiles=default][trace_id=,span_id=,span_xprt=][supercash_tid=,supercash_cid=] 90802 --- [    Test worker] .m.m.a.ExceptionHandlerExceptionResolver : ControllerAdvice beans: 0 @ExceptionHandler, 1 ResponseBodyAdvice
2021-02-12 01:38:11.039  INFO [app=distance-matrix-service,profiles=default][trace_id=,span_id=,span_xprt=][supercash_tid=,supercash_cid=] 90802 --- [    Test worker] o.s.b.t.m.w.SpringBootMockServletContext : Initializing Spring TestDispatcherServlet ''
2021-02-12 01:38:11.039  INFO [app=distance-matrix-service,profiles=default][trace_id=,span_id=,span_xprt=][supercash_tid=,supercash_cid=] 90802 --- [    Test worker] o.s.t.web.servlet.TestDispatcherServlet  : Initializing Servlet ''
2021-02-12 01:38:11.054  INFO [app=distance-matrix-service,profiles=default][trace_id=,span_id=,span_xprt=][supercash_tid=,supercash_cid=] 90802 --- [    Test worker] o.s.t.web.servlet.TestDispatcherServlet  : Completed initialization in 14 ms
2021-02-12 01:38:11.368  INFO [app=distance-matrix-service,profiles=default][trace_id=,span_id=,span_xprt=][supercash_tid=,supercash_cid=] 90802 --- [    Test worker] c.s.p.s.d.ApplicationContextLoadTest     : Started ApplicationContextLoadTest in 3.237 seconds (JVM running for 23.846)
]]></system-out>
  <system-err><![CDATA[]]></system-err>
</testsuite>
