<?xml version="1.0" encoding="UTF-8"?>
<testsuite name="Distance Matrix Service Tests Mocking Google GeoAPI" tests="1" skipped="1" failures="0" errors="0" timestamp="2021-02-12T09:38:08" hostname="marcellos-mbp-2.lan" time="0.0">
  <properties/>
  <testcase name="Test service to Distance Matrix Success mocking Google Geo API" classname="cash.super_.platform.service.distancematrix.DistanceMatrixGoogleGeoAPICachedProxyServiceTests" time="0.0">
    <skipped/>
  </testcase>
  <system-out><![CDATA[2021-02-12 01:38:04.194  INFO [app=distance-matrix-service,profiles=default][trace_id=,span_id=,span_xprt=][supercash_tid=,supercash_cid=] 90802 --- [    Test worker] .b.t.c.SpringBootTestContextBootstrapper : Neither @ContextConfiguration nor @ContextHierarchy found for test class [cash.super_.platform.service.distancematrix.DistanceMatrixGoogleGeoAPICachedProxyServiceTests], using SpringBootContextLoader
2021-02-12 01:38:04.195  INFO [app=distance-matrix-service,profiles=default][trace_id=,span_id=,span_xprt=][supercash_tid=,supercash_cid=] 90802 --- [    Test worker] o.s.t.c.support.AbstractContextLoader    : Could not detect default resource locations for test class [cash.super_.platform.service.distancematrix.DistanceMatrixGoogleGeoAPICachedProxyServiceTests]: no resource found for suffixes {-context.xml, Context.groovy}.
2021-02-12 01:38:04.195  INFO [app=distance-matrix-service,profiles=default][trace_id=,span_id=,span_xprt=][supercash_tid=,supercash_cid=] 90802 --- [    Test worker] t.c.s.AnnotationConfigContextLoaderUtils : Could not detect default configuration classes for test class [cash.super_.platform.service.distancematrix.DistanceMatrixGoogleGeoAPICachedProxyServiceTests]: DistanceMatrixGoogleGeoAPICachedProxyServiceTests does not declare any static, non-private, non-final, nested classes annotated with @Configuration.
2021-02-12 01:38:04.198  INFO [app=distance-matrix-service,profiles=default][trace_id=,span_id=,span_xprt=][supercash_tid=,supercash_cid=] 90802 --- [    Test worker] .b.t.c.SpringBootTestContextBootstrapper : Found @SpringBootConfiguration cash.super_.platform.service.DistanceMatrixApplication for test class cash.super_.platform.service.distancematrix.DistanceMatrixGoogleGeoAPICachedProxyServiceTests
2021-02-12 01:38:04.200  INFO [app=distance-matrix-service,profiles=default][trace_id=,span_id=,span_xprt=][supercash_tid=,supercash_cid=] 90802 --- [    Test worker] .b.t.c.SpringBootTestContextBootstrapper : Loaded default TestExecutionListener class names from location [META-INF/spring.factories]: [org.springframework.boot.test.autoconfigure.restdocs.RestDocsTestExecutionListener, org.springframework.boot.test.autoconfigure.web.client.MockRestServiceServerResetTestExecutionListener, org.springframework.boot.test.autoconfigure.web.servlet.MockMvcPrintOnlyOnFailureTestExecutionListener, org.springframework.boot.test.autoconfigure.web.servlet.WebDriverTestExecutionListener, org.springframework.boot.test.autoconfigure.webservices.client.MockWebServiceServerTestExecutionListener, org.springframework.boot.test.mock.mockito.MockitoTestExecutionListener, org.springframework.boot.test.mock.mockito.ResetMocksTestExecutionListener, org.springframework.test.context.web.ServletTestExecutionListener, org.springframework.test.context.support.DirtiesContextBeforeModesTestExecutionListener, org.springframework.test.context.support.DependencyInjectionTestExecutionListener, org.springframework.test.context.support.DirtiesContextTestExecutionListener, org.springframework.test.context.transaction.TransactionalTestExecutionListener, org.springframework.test.context.jdbc.SqlScriptsTestExecutionListener, org.springframework.test.context.event.EventPublishingTestExecutionListener]
2021-02-12 01:38:04.201  INFO [app=distance-matrix-service,profiles=default][trace_id=,span_id=,span_xprt=][supercash_tid=,supercash_cid=] 90802 --- [    Test worker] .b.t.c.SpringBootTestContextBootstrapper : Using TestExecutionListeners: [org.springframework.test.context.web.ServletTestExecutionListener@68e6a296, org.springframework.test.context.support.DirtiesContextBeforeModesTestExecutionListener@132eef07, org.springframework.boot.test.mock.mockito.MockitoTestExecutionListener@651e3e63, org.springframework.boot.test.autoconfigure.SpringBootDependencyInjectionTestExecutionListener@8f607af, org.springframework.test.context.support.DirtiesContextTestExecutionListener@55d9e635, org.springframework.test.context.event.EventPublishingTestExecutionListener@316b7d5e, org.springframework.boot.test.autoconfigure.restdocs.RestDocsTestExecutionListener@2512b036, org.springframework.boot.test.autoconfigure.web.client.MockRestServiceServerResetTestExecutionListener@1d611044, org.springframework.boot.test.autoconfigure.web.servlet.MockMvcPrintOnlyOnFailureTestExecutionListener@793b593, org.springframework.boot.test.autoconfigure.web.servlet.WebDriverTestExecutionListener@6d78b9b2, org.springframework.boot.test.autoconfigure.webservices.client.MockWebServiceServerTestExecutionListener@5ddb272b, org.springframework.boot.test.mock.mockito.ResetMocksTestExecutionListener@482dffe4]
   _____                        _____          _     
  / ____|                      / ____|        | |    
 | (___  _   _ _ __   ___ _ __| |     __ _ ___| |__  
  \___ \| | | | '_ \ / _ \ '__| |    / _` / __| '_ \ 
  ____) | |_| | |_) |  __/ |  | |___| (_| \__ \ | | |
 |_____/ \__,_| .__/ \___|_|   \_____\__,_|___/_| |_|
              | |              ]]>&#x1f4b0;<![CDATA[]]>&#x1f4b0;<![CDATA[]]>&#x1f4b0;<![CDATA[]]>&#x1f4b0;<![CDATA[]]>&#x1f4b0;<![CDATA[]]>&#x1f4b0;<![CDATA[]]>&#x1f4b0;<![CDATA[]]>&#x1f4b0;<![CDATA[]]>&#x1f4b0;<![CDATA[]]>&#x1f4b0;<![CDATA[]]>&#x1f4b0;<![CDATA[
              |_| :: SpringBoot :: 2.3.5.RELEASE ::

2021-02-12 01:38:04.398  INFO [app=distance-matrix-service,profiles=default][trace_id=,span_id=,span_xprt=][supercash_tid=,supercash_cid=] 90802 --- [    Test worker] atrixGoogleGeoAPICachedProxyServiceTests : No active profile set, falling back to default profiles: default
2021-02-12 01:38:04.404 DEBUG [app=distance-matrix-service,profiles=default][trace_id=,span_id=,span_xprt=][supercash_tid=,supercash_cid=] 90802 --- [    Test worker] o.s.b.c.c.ConfigFileApplicationListener  : Loaded config file 'file:/Users/marcellodesales/dev/gitlab.com/supercash/services/distance-matrix-service/build/resources/main/application.yaml' (classpath:/application.yaml)
2021-02-12 01:38:04.405 DEBUG [app=distance-matrix-service,profiles=default][trace_id=,span_id=,span_xprt=][supercash_tid=,supercash_cid=] 90802 --- [    Test worker] o.s.w.c.s.GenericWebApplicationContext   : Refreshing org.springframework.web.context.support.GenericWebApplicationContext@1c3f092a
2021-02-12 01:38:05.113  INFO [app=distance-matrix-service,profiles=default][trace_id=,span_id=,span_xprt=][supercash_tid=,supercash_cid=] 90802 --- [    Test worker] o.s.cloud.context.scope.GenericScope     : BeanFactory id=56590be1-51c5-30ce-99a3-79f8db80bb3b
2021-02-12 01:38:05.526  WARN [app=distance-matrix-service,profiles=default][trace_id=,span_id=,span_xprt=][supercash_tid=,supercash_cid=] 90802 --- [    Test worker] o.h.v.i.p.javabean.JavaBeanExecutable    : HV000254: Missing parameter metadata for TimeUnit(String, int, long), which declares implicit or synthetic parameters. Automatic resolution of generic type information for method parameters may yield incorrect results if multiple parameters have the same erasure. To solve this, compile your code with the '-parameters' flag.
2021-02-12 01:38:05.581  INFO [app=distance-matrix-service,profiles=default][trace_id=,span_id=,span_xprt=][supercash_tid=,supercash_cid=] 90802 --- [    Test worker] anceMatrixGoogleGeoAPICachedProxyService : Bootstrapping the Google Geo API with token: fake**********toke
2021-02-12 01:38:05.582  INFO [app=distance-matrix-service,profiles=default][trace_id=,span_id=,span_xprt=][supercash_tid=,supercash_cid=] 90802 --- [    Test worker] anceMatrixGoogleGeoAPICachedProxyService : Initialized Google Geo API
2021-02-12 01:38:05.583  INFO [app=distance-matrix-service,profiles=default][trace_id=,span_id=,span_xprt=][supercash_tid=,supercash_cid=] 90802 --- [    Test worker] anceMatrixGoogleGeoAPICachedProxyService : Bootstrapping the Results Cache; eviction time of 5 MINUTES
2021-02-12 01:38:05.584  INFO [app=distance-matrix-service,profiles=default][trace_id=,span_id=,span_xprt=][supercash_tid=,supercash_cid=] 90802 --- [    Test worker] anceMatrixGoogleGeoAPICachedProxyService : Initialized the Results Cache
2021-02-12 01:38:06.237 DEBUG [app=distance-matrix-service,profiles=default][trace_id=,span_id=,span_xprt=][supercash_tid=,supercash_cid=] 90802 --- [    Test worker] s.w.s.m.m.a.RequestMappingHandlerMapping : 8 mappings in 'requestMappingHandlerMapping'
2021-02-12 01:38:06.634  INFO [app=distance-matrix-service,profiles=default][trace_id=,span_id=,span_xprt=][supercash_tid=,supercash_cid=] 90802 --- [    Test worker] o.s.b.a.e.web.EndpointLinksResolver      : Exposing 15 endpoint(s) beneath base path '/actuator'
2021-02-12 01:38:07.113  INFO [app=distance-matrix-service,profiles=default][trace_id=,span_id=,span_xprt=][supercash_tid=,supercash_cid=] 90802 --- [    Test worker] o.s.s.concurrent.ThreadPoolTaskExecutor  : Initializing ExecutorService 'applicationTaskExecutor'
2021-02-12 01:38:07.143 DEBUG [app=distance-matrix-service,profiles=default][trace_id=,span_id=,span_xprt=][supercash_tid=,supercash_cid=] 90802 --- [    Test worker] s.w.s.m.m.a.RequestMappingHandlerAdapter : ControllerAdvice beans: 0 @ModelAttribute, 0 @InitBinder, 1 RequestBodyAdvice, 1 ResponseBodyAdvice
2021-02-12 01:38:07.190 DEBUG [app=distance-matrix-service,profiles=default][trace_id=,span_id=,span_xprt=][supercash_tid=,supercash_cid=] 90802 --- [    Test worker] o.s.w.s.handler.SimpleUrlHandlerMapping  : Patterns [/swagger-ui/] in 'viewControllerHandlerMapping'
2021-02-12 01:38:07.227 DEBUG [app=distance-matrix-service,profiles=default][trace_id=,span_id=,span_xprt=][supercash_tid=,supercash_cid=] 90802 --- [    Test worker] o.s.w.s.handler.SimpleUrlHandlerMapping  : Patterns [/webjars/**, /**, /swagger-ui/**] in 'resourceHandlerMapping'
2021-02-12 01:38:07.247 DEBUG [app=distance-matrix-service,profiles=default][trace_id=,span_id=,span_xprt=][supercash_tid=,supercash_cid=] 90802 --- [    Test worker] .m.m.a.ExceptionHandlerExceptionResolver : ControllerAdvice beans: 0 @ExceptionHandler, 1 ResponseBodyAdvice
2021-02-12 01:38:07.856  INFO [app=distance-matrix-service,profiles=default][trace_id=,span_id=,span_xprt=][supercash_tid=,supercash_cid=] 90802 --- [    Test worker] atrixGoogleGeoAPICachedProxyServiceTests : Started DistanceMatrixGoogleGeoAPICachedProxyServiceTests in 3.642 seconds (JVM running for 20.334)
]]></system-out>
  <system-err><![CDATA[]]></system-err>
</testsuite>
